<?xml version="1.0" encoding="UTF-8"?>
<!-- Generated by org.testng.reporters.JUnitReportReporter -->
<testsuite hostname="DESKTOP-7889H4F" failures="0" tests="4" name="TestngPractice.Basic3" time="0.016" errors="0" timestamp="2025-04-30T11:10:50 IST" skipped="0">
  <testcase classname="TestngPractice.Basic3" name="CarLoan" time="0.002"/>
  <system-out/>
  <testcase classname="TestngPractice.Basic3" name="CarLoan" time="0.002"/>
  <system-out/>
  <testcase classname="TestngPractice.Basic3" name="Cartenure" time="0.004"/>
  <system-out/>
  <testcase classname="TestngPractice.Basic3" name="CarLoan" time="0.008"/>
  <system-out/>
</testsuite> <!-- TestngPractice.Basic3 -->
