<?xml version="1.0" encoding="UTF-8"?>
<!-- Generated by org.testng.reporters.JUnitReportReporter -->
<testsuite hostname="DESKTOP-7889H4F" failures="0" tests="1" name="TestngPractice.Rc1" time="0.009" errors="0" timestamp="2025-05-16T11:59:51 IST" skipped="0">
  <testcase classname="TestngPractice.Rc1" name="dothis" time="0.009"/>
  <system-out/>
</testsuite> <!-- TestngPractice.Rc1 -->
