<?xml version="1.0" encoding="UTF-8"?>
<!-- Generated by org.testng.reporters.JUnitReportReporter -->
<testsuite hostname="DESKTOP-7889H4F" failures="0" tests="2" name="TestngPractice.BasicTestng" time="0.002" errors="0" timestamp="2024-09-17T20:32:14 IST" skipped="0">
  <testcase classname="TestngPractice.BasicTestng" name="Personalinfo" time="0.001"/>
  <system-out/>
  <testcase classname="TestngPractice.BasicTestng" name="LoanNeeded" time="0.001"/>
  <system-out/>
</testsuite> <!-- TestngPractice.BasicTestng -->
