<?xml version="1.0" encoding="UTF-8"?>
<!-- Generated by org.testng.reporters.JUnitReportReporter -->
<testsuite hostname="DESKTOP-7889H4F" failures="0" tests="1" name="TestngPractice.Inheritance" time="0.009" errors="0" timestamp="2024-10-02T16:19:10 IST" skipped="0">
  <testcase classname="TestngPractice.Inheritance" name="coninstru" time="0.009"/>
  <system-out/>
</testsuite> <!-- TestngPractice.Inheritance -->
