<?xml version="1.0" encoding="UTF-8"?>
<!-- Generated by org.testng.reporters.JUnitReportReporter -->
<testsuite hostname="DESKTOP-7889H4F" failures="0" tests="4" name="TestngPractice.Restudyone" time="0.015" errors="0" timestamp="2025-05-20T20:58:54 IST" skipped="0">
  <testcase classname="TestngPractice.Restudyone" name="dummy" time="0.002"/>
  <system-out/>
  <testcase classname="TestngPractice.Restudyone" name="vehicleloan" time="0.004"/>
  <system-out/>
  <testcase classname="TestngPractice.Restudyone" name="busloan" time="0.008"/>
  <system-out/>
  <testcase classname="TestngPractice.Restudyone" name="carloan" time="0.001"/>
  <system-out/>
</testsuite> <!-- TestngPractice.Restudyone -->
