<?xml version="1.0" encoding="UTF-8"?>
<!-- Generated by org.testng.reporters.JUnitReportReporter -->
<testsuite hostname="DESKTOP-7889H4F" failures="0" tests="6" name="TestngPractice.RestdyTwo" time="0.022" errors="0" timestamp="2025-05-20T20:58:54 IST" skipped="0">
  <testcase classname="TestngPractice.RestdyTwo" name="asercheck" time="0.003"/>
  <system-out/>
  <testcase classname="TestngPractice.RestdyTwo" name="red" time="0.001"/>
  <system-out/>
  <testcase classname="TestngPractice.RestdyTwo" name="asercheck" time="0.002"/>
  <system-out/>
  <testcase classname="TestngPractice.RestdyTwo" name="asercheck" time="0.009"/>
  <system-out/>
  <testcase classname="TestngPractice.RestdyTwo" name="blue" time="0.006"/>
  <system-out/>
  <testcase classname="TestngPractice.RestdyTwo" name="greeen" time="0.001"/>
  <system-out/>
</testsuite> <!-- TestngPractice.RestdyTwo -->
