<?xml version="1.0" encoding="UTF-8"?>
<!-- Generated by org.testng.reporters.JUnitReportReporter -->
<testsuite hostname="DESKTOP-7889H4F" failures="0" tests="3" name="TestngPractice.basic6" time="0.005" errors="0" timestamp="2025-04-30T11:10:50 IST" skipped="0">
  <testcase classname="TestngPractice.basic6" name="aarneww" time="0.001"/>
  <system-out/>
  <testcase classname="TestngPractice.basic6" name="tarneww1" time="0.002"/>
  <system-out/>
  <testcase classname="TestngPractice.basic6" name="yarneww2" time="0.002"/>
  <system-out/>
</testsuite> <!-- TestngPractice.basic6 -->
