<?xml version="1.0" encoding="UTF-8"?>
<!-- Generated by org.testng.reporters.JUnitReportReporter -->
<testsuite hostname="DESKTOP-7889H4F" failures="0" tests="2" name="TestngPractice.Basic5" time="0.007" errors="0" timestamp="2025-04-30T11:10:50 IST" skipped="1">
  <testcase classname="TestngPractice.Basic5" name="bikeLoantenure" time="0.007"/>
  <system-out/>
  <testcase classname="TestngPractice.Basic5" name="bikeLoan">
    <skipped/>
  </testcase> <!-- bikeLoan -->
  <system-out/>
</testsuite> <!-- TestngPractice.Basic5 -->
